>>>> A 0.25
>>>> B 0.14375
>>>> C 0.56875
>>>> D 0.037500000000000006
>>>> A 0.5209374999999999
>>>> B 0.14375
>>>> C 0.2978125
>>>> D 0.037500000000000006
>>>> A 0.290640625
>>>> B 0.25889843749999997
>>>> C 0.41296093749999996
>>>> D 0.037500000000000006
>>>> A 0.38851679687499996
>>>> B 0.161022265625
>>>> C 0.41296093749999996
>>>> D 0.037500000000000006
>>>> A 0.38851679687499996
>>>> B 0.202619638671875
>>>> C 0.37136356445312496
>>>> D 0.037500000000000006
>>>> A 0.35315902978515623
>>>> B 0.202619638671875
>>>> C 0.40672133154296874
>>>> D 0.037500000000000006
>>>> A 0.3832131318115234
>>>> B 0.1875925876586914
>>>> C 0.39169428052978517
>>>> D 0.037500000000000006
>>>> A 0.3704401384503174
>>>> B 0.20036558101989743
>>>> C 0.3916942805297851
>>>> D 0.037500000000000006
>>>> A 0.3704401384503173
>>>> B 0.1949370588413849
>>>> C 0.3971228027082977
>>>> D 0.037500000000000006
>>>> A 0.375054382302053
>>>> B 0.19493705884138485
>>>> C 0.392508558856562
>>>> D 0.037500000000000006

Final PageRank Values:
A	0.375054382302053
B	0.19493705884138485
C	0.392508558856562
D	0.037500000000000006
